<?xml version="1.0" encoding="UTF-8"?>
<!-- Generated by org.testng.reporters.JUnitReportReporter -->
<testsuite skipped="1" hostname="ankit4545" name="com.actitime.scripts.LoginTest" tests="2" failures="0" timestamp="18 Sep 2018 17:08:38 GMT" time="7.253" errors="0">
  <testcase name="invalidLogin" time="7.253" classname="com.actitime.scripts.LoginTest"/>
  <testcase name="validLogin" classname="com.actitime.scripts.LoginTest">
    <skipped/>
  </testcase> <!-- validLogin -->
</testsuite> <!-- com.actitime.scripts.LoginTest -->
