<?xml version="1.0" encoding="UTF-8"?>
<!-- Generated by org.testng.reporters.JUnitReportReporter -->
<testsuite skipped="1" hostname="ankit4545" name="com.actitime.scripts.TaskTest" tests="4" failures="0" timestamp="06 Aug 2018 18:33:09 GMT" time="20.260" errors="0">
  <testcase name="createNewCustomer" time="6.812" classname="com.actitime.scripts.TaskTest"/>
  <testcase name="createProject" time="7.041" classname="com.actitime.scripts.TaskTest"/>
  <testcase name="delProject" time="6.407" classname="com.actitime.scripts.TaskTest"/>
  <testcase name="deleteCustomer" classname="com.actitime.scripts.TaskTest">
    <skipped/>
  </testcase> <!-- deleteCustomer -->
</testsuite> <!-- com.actitime.scripts.TaskTest -->
